The system is: Linux - 4.10.0-40-generic - x86_64
Compiling the C compiler identification source file "CMakeCCompilerId.c" succeeded.
Compiler: /usr/bin/cc 
Build flags: 
Id flags: 

The output was:
0


Compilation of the C compiler identification source "CMakeCCompilerId.c" produced "a.out"

The C compiler identification is GNU, found in "/home/qbayle/Test_ssh/spatch/libssh_examples/sample_ssh_server/build/CMakeFiles/3.5.1/CompilerIdC/a.out"

Determining if the C compiler works passed with the following output:
Change Dir: /home/qbayle/Test_ssh/spatch/libssh_examples/sample_ssh_server/build/CMakeFiles/CMakeTmp

Run Build Command:"/usr/bin/make" "cmTC_de57c/fast"
/usr/bin/make -f CMakeFiles/cmTC_de57c.dir/build.make CMakeFiles/cmTC_de57c.dir/build
make[1] : on entre dans le répertoire « /home/qbayle/Test_ssh/spatch/libssh_examples/sample_ssh_server/build/CMakeFiles/CMakeTmp »
Building C object CMakeFiles/cmTC_de57c.dir/testCCompiler.c.o
/usr/bin/cc     -o CMakeFiles/cmTC_de57c.dir/testCCompiler.c.o   -c /home/qbayle/Test_ssh/spatch/libssh_examples/sample_ssh_server/build/CMakeFiles/CMakeTmp/testCCompiler.c
Linking C executable cmTC_de57c
/usr/bin/cmake -E cmake_link_script CMakeFiles/cmTC_de57c.dir/link.txt --verbose=1
/usr/bin/cc       CMakeFiles/cmTC_de57c.dir/testCCompiler.c.o  -o cmTC_de57c -rdynamic 
make[1] : on quitte le répertoire « /home/qbayle/Test_ssh/spatch/libssh_examples/sample_ssh_server/build/CMakeFiles/CMakeTmp »


Detecting C compiler ABI info compiled with the following output:
Change Dir: /home/qbayle/Test_ssh/spatch/libssh_examples/sample_ssh_server/build/CMakeFiles/CMakeTmp

Run Build Command:"/usr/bin/make" "cmTC_7e1d9/fast"
/usr/bin/make -f CMakeFiles/cmTC_7e1d9.dir/build.make CMakeFiles/cmTC_7e1d9.dir/build
make[1] : on entre dans le répertoire « /home/qbayle/Test_ssh/spatch/libssh_examples/sample_ssh_server/build/CMakeFiles/CMakeTmp »
Building C object CMakeFiles/cmTC_7e1d9.dir/CMakeCCompilerABI.c.o
/usr/bin/cc     -o CMakeFiles/cmTC_7e1d9.dir/CMakeCCompilerABI.c.o   -c /usr/share/cmake-3.5/Modules/CMakeCCompilerABI.c
Linking C executable cmTC_7e1d9
/usr/bin/cmake -E cmake_link_script CMakeFiles/cmTC_7e1d9.dir/link.txt --verbose=1
/usr/bin/cc      -v CMakeFiles/cmTC_7e1d9.dir/CMakeCCompilerABI.c.o  -o cmTC_7e1d9 -rdynamic  
Using built-in specs.
COLLECT_GCC=/usr/bin/cc
COLLECT_LTO_WRAPPER=/usr/lib/gcc/x86_64-linux-gnu/5/lto-wrapper
Target: x86_64-linux-gnu
Configured with: ../src/configure -v --with-pkgversion='Ubuntu 5.4.0-6ubuntu1~16.04.6' --with-bugurl=file:///usr/share/doc/gcc-5/README.Bugs --enable-languages=c,ada,c++,java,go,d,fortran,objc,obj-c++ --prefix=/usr --program-suffix=-5 --enable-shared --enable-linker-build-id --libexecdir=/usr/lib --without-included-gettext --enable-threads=posix --libdir=/usr/lib --enable-nls --with-sysroot=/ --enable-clocale=gnu --enable-libstdcxx-debug --enable-libstdcxx-time=yes --with-default-libstdcxx-abi=new --enable-gnu-unique-object --disable-vtable-verify --enable-libmpx --enable-plugin --with-system-zlib --disable-browser-plugin --enable-java-awt=gtk --enable-gtk-cairo --with-java-home=/usr/lib/jvm/java-1.5.0-gcj-5-amd64/jre --enable-java-home --with-jvm-root-dir=/usr/lib/jvm/java-1.5.0-gcj-5-amd64 --with-jvm-jar-dir=/usr/lib/jvm-exports/java-1.5.0-gcj-5-amd64 --with-arch-directory=amd64 --with-ecj-jar=/usr/share/java/eclipse-ecj.jar --enable-objc-gc --enable-multiarch --disable-werror --with-arch-32=i686 --with-abi=m64 --with-multilib-list=m32,m64,mx32 --enable-multilib --with-tune=generic --enable-checking=release --build=x86_64-linux-gnu --host=x86_64-linux-gnu --target=x86_64-linux-gnu
Thread model: posix
gcc version 5.4.0 20160609 (Ubuntu 5.4.0-6ubuntu1~16.04.6) 
COMPILER_PATH=/usr/lib/gcc/x86_64-linux-gnu/5/:/usr/lib/gcc/x86_64-linux-gnu/5/:/usr/lib/gcc/x86_64-linux-gnu/:/usr/lib/gcc/x86_64-linux-gnu/5/:/usr/lib/gcc/x86_64-linux-gnu/
LIBRARY_PATH=/usr/lib/gcc/x86_64-linux-gnu/5/:/usr/lib/gcc/x86_64-linux-gnu/5/../../../x86_64-linux-gnu/:/usr/lib/gcc/x86_64-linux-gnu/5/../../../../lib/:/lib/x86_64-linux-gnu/:/lib/../lib/:/usr/lib/x86_64-linux-gnu/:/usr/lib/../lib/:/usr/lib/gcc/x86_64-linux-gnu/5/../../../:/lib/:/usr/lib/
COLLECT_GCC_OPTIONS='-v' '-o' 'cmTC_7e1d9' '-rdynamic' '-mtune=generic' '-march=x86-64'
 /usr/lib/gcc/x86_64-linux-gnu/5/collect2 -plugin /usr/lib/gcc/x86_64-linux-gnu/5/liblto_plugin.so -plugin-opt=/usr/lib/gcc/x86_64-linux-gnu/5/lto-wrapper -plugin-opt=-fresolution=/tmp/ccoi8IoQ.res -plugin-opt=-pass-through=-lgcc -plugin-opt=-pass-through=-lgcc_s -plugin-opt=-pass-through=-lc -plugin-opt=-pass-through=-lgcc -plugin-opt=-pass-through=-lgcc_s --sysroot=/ --build-id --eh-frame-hdr -m elf_x86_64 --hash-style=gnu --as-needed -export-dynamic -dynamic-linker /lib64/ld-linux-x86-64.so.2 -z relro -o cmTC_7e1d9 /usr/lib/gcc/x86_64-linux-gnu/5/../../../x86_64-linux-gnu/crt1.o /usr/lib/gcc/x86_64-linux-gnu/5/../../../x86_64-linux-gnu/crti.o /usr/lib/gcc/x86_64-linux-gnu/5/crtbegin.o -L/usr/lib/gcc/x86_64-linux-gnu/5 -L/usr/lib/gcc/x86_64-linux-gnu/5/../../../x86_64-linux-gnu -L/usr/lib/gcc/x86_64-linux-gnu/5/../../../../lib -L/lib/x86_64-linux-gnu -L/lib/../lib -L/usr/lib/x86_64-linux-gnu -L/usr/lib/../lib -L/usr/lib/gcc/x86_64-linux-gnu/5/../../.. CMakeFiles/cmTC_7e1d9.dir/CMakeCCompilerABI.c.o -lgcc --as-needed -lgcc_s --no-as-needed -lc -lgcc --as-needed -lgcc_s --no-as-needed /usr/lib/gcc/x86_64-linux-gnu/5/crtend.o /usr/lib/gcc/x86_64-linux-gnu/5/../../../x86_64-linux-gnu/crtn.o
make[1] : on quitte le répertoire « /home/qbayle/Test_ssh/spatch/libssh_examples/sample_ssh_server/build/CMakeFiles/CMakeTmp »


Parsed C implicit link information from above output:
  link line regex: [^( *|.*[/\])(ld|([^/\]+-)?ld|collect2)[^/\]*( |$)]
  ignore line: [Change Dir: /home/qbayle/Test_ssh/spatch/libssh_examples/sample_ssh_server/build/CMakeFiles/CMakeTmp]
  ignore line: []
  ignore line: [Run Build Command:"/usr/bin/make" "cmTC_7e1d9/fast"]
  ignore line: [/usr/bin/make -f CMakeFiles/cmTC_7e1d9.dir/build.make CMakeFiles/cmTC_7e1d9.dir/build]
  ignore line: [make[1] : on entre dans le répertoire « /home/qbayle/Test_ssh/spatch/libssh_examples/sample_ssh_server/build/CMakeFiles/CMakeTmp »]
  ignore line: [Building C object CMakeFiles/cmTC_7e1d9.dir/CMakeCCompilerABI.c.o]
  ignore line: [/usr/bin/cc     -o CMakeFiles/cmTC_7e1d9.dir/CMakeCCompilerABI.c.o   -c /usr/share/cmake-3.5/Modules/CMakeCCompilerABI.c]
  ignore line: [Linking C executable cmTC_7e1d9]
  ignore line: [/usr/bin/cmake -E cmake_link_script CMakeFiles/cmTC_7e1d9.dir/link.txt --verbose=1]
  ignore line: [/usr/bin/cc      -v CMakeFiles/cmTC_7e1d9.dir/CMakeCCompilerABI.c.o  -o cmTC_7e1d9 -rdynamic  ]
  ignore line: [Using built-in specs.]
  ignore line: [COLLECT_GCC=/usr/bin/cc]
  ignore line: [COLLECT_LTO_WRAPPER=/usr/lib/gcc/x86_64-linux-gnu/5/lto-wrapper]
  ignore line: [Target: x86_64-linux-gnu]
  ignore line: [Configured with: ../src/configure -v --with-pkgversion='Ubuntu 5.4.0-6ubuntu1~16.04.6' --with-bugurl=file:///usr/share/doc/gcc-5/README.Bugs --enable-languages=c,ada,c++,java,go,d,fortran,objc,obj-c++ --prefix=/usr --program-suffix=-5 --enable-shared --enable-linker-build-id --libexecdir=/usr/lib --without-included-gettext --enable-threads=posix --libdir=/usr/lib --enable-nls --with-sysroot=/ --enable-clocale=gnu --enable-libstdcxx-debug --enable-libstdcxx-time=yes --with-default-libstdcxx-abi=new --enable-gnu-unique-object --disable-vtable-verify --enable-libmpx --enable-plugin --with-system-zlib --disable-browser-plugin --enable-java-awt=gtk --enable-gtk-cairo --with-java-home=/usr/lib/jvm/java-1.5.0-gcj-5-amd64/jre --enable-java-home --with-jvm-root-dir=/usr/lib/jvm/java-1.5.0-gcj-5-amd64 --with-jvm-jar-dir=/usr/lib/jvm-exports/java-1.5.0-gcj-5-amd64 --with-arch-directory=amd64 --with-ecj-jar=/usr/share/java/eclipse-ecj.jar --enable-objc-gc --enable-multiarch --disable-werror --with-arch-32=i686 --with-abi=m64 --with-multilib-list=m32,m64,mx32 --enable-multilib --with-tune=generic --enable-checking=release --build=x86_64-linux-gnu --host=x86_64-linux-gnu --target=x86_64-linux-gnu]
  ignore line: [Thread model: posix]
  ignore line: [gcc version 5.4.0 20160609 (Ubuntu 5.4.0-6ubuntu1~16.04.6) ]
  ignore line: [COMPILER_PATH=/usr/lib/gcc/x86_64-linux-gnu/5/:/usr/lib/gcc/x86_64-linux-gnu/5/:/usr/lib/gcc/x86_64-linux-gnu/:/usr/lib/gcc/x86_64-linux-gnu/5/:/usr/lib/gcc/x86_64-linux-gnu/]
  ignore line: [LIBRARY_PATH=/usr/lib/gcc/x86_64-linux-gnu/5/:/usr/lib/gcc/x86_64-linux-gnu/5/../../../x86_64-linux-gnu/:/usr/lib/gcc/x86_64-linux-gnu/5/../../../../lib/:/lib/x86_64-linux-gnu/:/lib/../lib/:/usr/lib/x86_64-linux-gnu/:/usr/lib/../lib/:/usr/lib/gcc/x86_64-linux-gnu/5/../../../:/lib/:/usr/lib/]
  ignore line: [COLLECT_GCC_OPTIONS='-v' '-o' 'cmTC_7e1d9' '-rdynamic' '-mtune=generic' '-march=x86-64']
  link line: [ /usr/lib/gcc/x86_64-linux-gnu/5/collect2 -plugin /usr/lib/gcc/x86_64-linux-gnu/5/liblto_plugin.so -plugin-opt=/usr/lib/gcc/x86_64-linux-gnu/5/lto-wrapper -plugin-opt=-fresolution=/tmp/ccoi8IoQ.res -plugin-opt=-pass-through=-lgcc -plugin-opt=-pass-through=-lgcc_s -plugin-opt=-pass-through=-lc -plugin-opt=-pass-through=-lgcc -plugin-opt=-pass-through=-lgcc_s --sysroot=/ --build-id --eh-frame-hdr -m elf_x86_64 --hash-style=gnu --as-needed -export-dynamic -dynamic-linker /lib64/ld-linux-x86-64.so.2 -z relro -o cmTC_7e1d9 /usr/lib/gcc/x86_64-linux-gnu/5/../../../x86_64-linux-gnu/crt1.o /usr/lib/gcc/x86_64-linux-gnu/5/../../../x86_64-linux-gnu/crti.o /usr/lib/gcc/x86_64-linux-gnu/5/crtbegin.o -L/usr/lib/gcc/x86_64-linux-gnu/5 -L/usr/lib/gcc/x86_64-linux-gnu/5/../../../x86_64-linux-gnu -L/usr/lib/gcc/x86_64-linux-gnu/5/../../../../lib -L/lib/x86_64-linux-gnu -L/lib/../lib -L/usr/lib/x86_64-linux-gnu -L/usr/lib/../lib -L/usr/lib/gcc/x86_64-linux-gnu/5/../../.. CMakeFiles/cmTC_7e1d9.dir/CMakeCCompilerABI.c.o -lgcc --as-needed -lgcc_s --no-as-needed -lc -lgcc --as-needed -lgcc_s --no-as-needed /usr/lib/gcc/x86_64-linux-gnu/5/crtend.o /usr/lib/gcc/x86_64-linux-gnu/5/../../../x86_64-linux-gnu/crtn.o]
    arg [/usr/lib/gcc/x86_64-linux-gnu/5/collect2] ==> ignore
    arg [-plugin] ==> ignore
    arg [/usr/lib/gcc/x86_64-linux-gnu/5/liblto_plugin.so] ==> ignore
    arg [-plugin-opt=/usr/lib/gcc/x86_64-linux-gnu/5/lto-wrapper] ==> ignore
    arg [-plugin-opt=-fresolution=/tmp/ccoi8IoQ.res] ==> ignore
    arg [-plugin-opt=-pass-through=-lgcc] ==> ignore
    arg [-plugin-opt=-pass-through=-lgcc_s] ==> ignore
    arg [-plugin-opt=-pass-through=-lc] ==> ignore
    arg [-plugin-opt=-pass-through=-lgcc] ==> ignore
    arg [-plugin-opt=-pass-through=-lgcc_s] ==> ignore
    arg [--sysroot=/] ==> ignore
    arg [--build-id] ==> ignore
    arg [--eh-frame-hdr] ==> ignore
    arg [-m] ==> ignore
    arg [elf_x86_64] ==> ignore
    arg [--hash-style=gnu] ==> ignore
    arg [--as-needed] ==> ignore
    arg [-export-dynamic] ==> ignore
    arg [-dynamic-linker] ==> ignore
    arg [/lib64/ld-linux-x86-64.so.2] ==> ignore
    arg [-zrelro] ==> ignore
    arg [-o] ==> ignore
    arg [cmTC_7e1d9] ==> ignore
    arg [/usr/lib/gcc/x86_64-linux-gnu/5/../../../x86_64-linux-gnu/crt1.o] ==> ignore
    arg [/usr/lib/gcc/x86_64-linux-gnu/5/../../../x86_64-linux-gnu/crti.o] ==> ignore
    arg [/usr/lib/gcc/x86_64-linux-gnu/5/crtbegin.o] ==> ignore
    arg [-L/usr/lib/gcc/x86_64-linux-gnu/5] ==> dir [/usr/lib/gcc/x86_64-linux-gnu/5]
    arg [-L/usr/lib/gcc/x86_64-linux-gnu/5/../../../x86_64-linux-gnu] ==> dir [/usr/lib/gcc/x86_64-linux-gnu/5/../../../x86_64-linux-gnu]
    arg [-L/usr/lib/gcc/x86_64-linux-gnu/5/../../../../lib] ==> dir [/usr/lib/gcc/x86_64-linux-gnu/5/../../../../lib]
    arg [-L/lib/x86_64-linux-gnu] ==> dir [/lib/x86_64-linux-gnu]
    arg [-L/lib/../lib] ==> dir [/lib/../lib]
    arg [-L/usr/lib/x86_64-linux-gnu] ==> dir [/usr/lib/x86_64-linux-gnu]
    arg [-L/usr/lib/../lib] ==> dir [/usr/lib/../lib]
    arg [-L/usr/lib/gcc/x86_64-linux-gnu/5/../../..] ==> dir [/usr/lib/gcc/x86_64-linux-gnu/5/../../..]
    arg [CMakeFiles/cmTC_7e1d9.dir/CMakeCCompilerABI.c.o] ==> ignore
    arg [-lgcc] ==> lib [gcc]
    arg [--as-needed] ==> ignore
    arg [-lgcc_s] ==> lib [gcc_s]
    arg [--no-as-needed] ==> ignore
    arg [-lc] ==> lib [c]
    arg [-lgcc] ==> lib [gcc]
    arg [--as-needed] ==> ignore
    arg [-lgcc_s] ==> lib [gcc_s]
    arg [--no-as-needed] ==> ignore
    arg [/usr/lib/gcc/x86_64-linux-gnu/5/crtend.o] ==> ignore
    arg [/usr/lib/gcc/x86_64-linux-gnu/5/../../../x86_64-linux-gnu/crtn.o] ==> ignore
  remove lib [gcc]
  remove lib [gcc_s]
  remove lib [gcc]
  remove lib [gcc_s]
  collapse library dir [/usr/lib/gcc/x86_64-linux-gnu/5] ==> [/usr/lib/gcc/x86_64-linux-gnu/5]
  collapse library dir [/usr/lib/gcc/x86_64-linux-gnu/5/../../../x86_64-linux-gnu] ==> [/usr/lib/x86_64-linux-gnu]
  collapse library dir [/usr/lib/gcc/x86_64-linux-gnu/5/../../../../lib] ==> [/usr/lib]
  collapse library dir [/lib/x86_64-linux-gnu] ==> [/lib/x86_64-linux-gnu]
  collapse library dir [/lib/../lib] ==> [/lib]
  collapse library dir [/usr/lib/x86_64-linux-gnu] ==> [/usr/lib/x86_64-linux-gnu]
  collapse library dir [/usr/lib/../lib] ==> [/usr/lib]
  collapse library dir [/usr/lib/gcc/x86_64-linux-gnu/5/../../..] ==> [/usr/lib]
  implicit libs: [c]
  implicit dirs: [/usr/lib/gcc/x86_64-linux-gnu/5;/usr/lib/x86_64-linux-gnu;/usr/lib;/lib/x86_64-linux-gnu;/lib]
  implicit fwks: []




Detecting C [-std=c11] compiler features compiled with the following output:
Change Dir: /home/qbayle/Test_ssh/spatch/libssh_examples/sample_ssh_server/build/CMakeFiles/CMakeTmp

Run Build Command:"/usr/bin/make" "cmTC_8e6c3/fast"
/usr/bin/make -f CMakeFiles/cmTC_8e6c3.dir/build.make CMakeFiles/cmTC_8e6c3.dir/build
make[1] : on entre dans le répertoire « /home/qbayle/Test_ssh/spatch/libssh_examples/sample_ssh_server/build/CMakeFiles/CMakeTmp »
Building C object CMakeFiles/cmTC_8e6c3.dir/feature_tests.c.o
/usr/bin/cc    -std=c11 -o CMakeFiles/cmTC_8e6c3.dir/feature_tests.c.o   -c /home/qbayle/Test_ssh/spatch/libssh_examples/sample_ssh_server/build/CMakeFiles/feature_tests.c
Linking C executable cmTC_8e6c3
/usr/bin/cmake -E cmake_link_script CMakeFiles/cmTC_8e6c3.dir/link.txt --verbose=1
/usr/bin/cc       CMakeFiles/cmTC_8e6c3.dir/feature_tests.c.o  -o cmTC_8e6c3 -rdynamic 
make[1] : on quitte le répertoire « /home/qbayle/Test_ssh/spatch/libssh_examples/sample_ssh_server/build/CMakeFiles/CMakeTmp »


    Feature record: C_FEATURE:1c_function_prototypes
    Feature record: C_FEATURE:1c_restrict
    Feature record: C_FEATURE:1c_static_assert
    Feature record: C_FEATURE:1c_variadic_macros


Detecting C [-std=c99] compiler features compiled with the following output:
Change Dir: /home/qbayle/Test_ssh/spatch/libssh_examples/sample_ssh_server/build/CMakeFiles/CMakeTmp

Run Build Command:"/usr/bin/make" "cmTC_ef3f5/fast"
/usr/bin/make -f CMakeFiles/cmTC_ef3f5.dir/build.make CMakeFiles/cmTC_ef3f5.dir/build
make[1] : on entre dans le répertoire « /home/qbayle/Test_ssh/spatch/libssh_examples/sample_ssh_server/build/CMakeFiles/CMakeTmp »
Building C object CMakeFiles/cmTC_ef3f5.dir/feature_tests.c.o
/usr/bin/cc    -std=c99 -o CMakeFiles/cmTC_ef3f5.dir/feature_tests.c.o   -c /home/qbayle/Test_ssh/spatch/libssh_examples/sample_ssh_server/build/CMakeFiles/feature_tests.c
Linking C executable cmTC_ef3f5
/usr/bin/cmake -E cmake_link_script CMakeFiles/cmTC_ef3f5.dir/link.txt --verbose=1
/usr/bin/cc       CMakeFiles/cmTC_ef3f5.dir/feature_tests.c.o  -o cmTC_ef3f5 -rdynamic 
make[1] : on quitte le répertoire « /home/qbayle/Test_ssh/spatch/libssh_examples/sample_ssh_server/build/CMakeFiles/CMakeTmp »


    Feature record: C_FEATURE:1c_function_prototypes
    Feature record: C_FEATURE:1c_restrict
    Feature record: C_FEATURE:0c_static_assert
    Feature record: C_FEATURE:1c_variadic_macros


Detecting C [-std=c90] compiler features compiled with the following output:
Change Dir: /home/qbayle/Test_ssh/spatch/libssh_examples/sample_ssh_server/build/CMakeFiles/CMakeTmp

Run Build Command:"/usr/bin/make" "cmTC_02a3c/fast"
/usr/bin/make -f CMakeFiles/cmTC_02a3c.dir/build.make CMakeFiles/cmTC_02a3c.dir/build
make[1] : on entre dans le répertoire « /home/qbayle/Test_ssh/spatch/libssh_examples/sample_ssh_server/build/CMakeFiles/CMakeTmp »
Building C object CMakeFiles/cmTC_02a3c.dir/feature_tests.c.o
/usr/bin/cc    -std=c90 -o CMakeFiles/cmTC_02a3c.dir/feature_tests.c.o   -c /home/qbayle/Test_ssh/spatch/libssh_examples/sample_ssh_server/build/CMakeFiles/feature_tests.c
Linking C executable cmTC_02a3c
/usr/bin/cmake -E cmake_link_script CMakeFiles/cmTC_02a3c.dir/link.txt --verbose=1
/usr/bin/cc       CMakeFiles/cmTC_02a3c.dir/feature_tests.c.o  -o cmTC_02a3c -rdynamic 
make[1] : on quitte le répertoire « /home/qbayle/Test_ssh/spatch/libssh_examples/sample_ssh_server/build/CMakeFiles/CMakeTmp »


    Feature record: C_FEATURE:1c_function_prototypes
    Feature record: C_FEATURE:0c_restrict
    Feature record: C_FEATURE:0c_static_assert
    Feature record: C_FEATURE:0c_variadic_macros
Performing C SOURCE FILE Test WITH_FPIC succeeded with the following output:
Change Dir: /home/qbayle/Test_ssh/spatch/libssh_examples/sample_ssh_server/build/CMakeFiles/CMakeTmp

Run Build Command:"/usr/bin/make" "cmTC_72ec5/fast"
/usr/bin/make -f CMakeFiles/cmTC_72ec5.dir/build.make CMakeFiles/cmTC_72ec5.dir/build
make[1]: Entering directory '/home/qbayle/Test_ssh/spatch/libssh_examples/sample_ssh_server/build/CMakeFiles/CMakeTmp'
Building C object CMakeFiles/cmTC_72ec5.dir/src.c.o
/usr/bin/cc    -std=gnu99 -pedantic -pedantic-errors -Wall -Wextra -Wshadow -Wmissing-prototypes -Wdeclaration-after-statement -Wunused -Wfloat-equal -Wpointer-arith -Wwrite-strings -Wformat-security -Wmissing-format-attribute -DWITH_FPIC   -fPIC -o CMakeFiles/cmTC_72ec5.dir/src.c.o   -c /home/qbayle/Test_ssh/spatch/libssh_examples/sample_ssh_server/build/CMakeFiles/CMakeTmp/src.c
Linking C executable cmTC_72ec5
/usr/bin/cmake -E cmake_link_script CMakeFiles/cmTC_72ec5.dir/link.txt --verbose=1
/usr/bin/cc   -std=gnu99 -pedantic -pedantic-errors -Wall -Wextra -Wshadow -Wmissing-prototypes -Wdeclaration-after-statement -Wunused -Wfloat-equal -Wpointer-arith -Wwrite-strings -Wformat-security -Wmissing-format-attribute -DWITH_FPIC    CMakeFiles/cmTC_72ec5.dir/src.c.o  -o cmTC_72ec5 -rdynamic 
make[1]: Leaving directory '/home/qbayle/Test_ssh/spatch/libssh_examples/sample_ssh_server/build/CMakeFiles/CMakeTmp'

Source file was:
int main(void) { return 0; }
Performing C SOURCE FILE Test WITH_STACK_PROTECTOR succeeded with the following output:
Change Dir: /home/qbayle/Test_ssh/spatch/libssh_examples/sample_ssh_server/build/CMakeFiles/CMakeTmp

Run Build Command:"/usr/bin/make" "cmTC_cffa1/fast"
/usr/bin/make -f CMakeFiles/cmTC_cffa1.dir/build.make CMakeFiles/cmTC_cffa1.dir/build
make[1] : on entre dans le répertoire « /home/qbayle/Test_ssh/spatch/libssh_examples/sample_ssh_server/build/CMakeFiles/CMakeTmp »
Building C object CMakeFiles/cmTC_cffa1.dir/src.c.o
/usr/bin/cc    -std=gnu99 -pedantic -pedantic-errors -Wall -Wextra -Wshadow -Wmissing-prototypes -Wdeclaration-after-statement -Wunused -Wfloat-equal -Wpointer-arith -Wwrite-strings -Wformat-security -Wmissing-format-attribute -fPIC -DWITH_STACK_PROTECTOR   -fstack-protector -o CMakeFiles/cmTC_cffa1.dir/src.c.o   -c /home/qbayle/Test_ssh/spatch/libssh_examples/sample_ssh_server/build/CMakeFiles/CMakeTmp/src.c
/home/qbayle/Test_ssh/spatch/libssh_examples/sample_ssh_server/build/CMakeFiles/CMakeTmp/src.c: In function ‘main’:
/home/qbayle/Test_ssh/spatch/libssh_examples/sample_ssh_server/build/CMakeFiles/CMakeTmp/src.c:1:27: warning: unused parameter ‘argv’ [-Wunused-parameter]
 int main(int argc, char **argv) { char buffer[256]; return buffer[argc]=0;}
                           ^
Linking C executable cmTC_cffa1
/usr/bin/cmake -E cmake_link_script CMakeFiles/cmTC_cffa1.dir/link.txt --verbose=1
/usr/bin/cc   -std=gnu99 -pedantic -pedantic-errors -Wall -Wextra -Wshadow -Wmissing-prototypes -Wdeclaration-after-statement -Wunused -Wfloat-equal -Wpointer-arith -Wwrite-strings -Wformat-security -Wmissing-format-attribute -fPIC -DWITH_STACK_PROTECTOR    CMakeFiles/cmTC_cffa1.dir/src.c.o  -o cmTC_cffa1 -rdynamic 
make[1] : on quitte le répertoire « /home/qbayle/Test_ssh/spatch/libssh_examples/sample_ssh_server/build/CMakeFiles/CMakeTmp »

Source file was:
int main(int argc, char **argv) { char buffer[256]; return buffer[argc]=0;}
Performing C SOURCE FILE Test WITH_VISIBILITY_HIDDEN succeeded with the following output:
Change Dir: /home/qbayle/Test_ssh/spatch/libssh_examples/sample_ssh_server/build/CMakeFiles/CMakeTmp

Run Build Command:"/usr/bin/make" "cmTC_03707/fast"
/usr/bin/make -f CMakeFiles/cmTC_03707.dir/build.make CMakeFiles/cmTC_03707.dir/build
make[1] : on entre dans le répertoire « /home/qbayle/Test_ssh/spatch/libssh_examples/sample_ssh_server/build/CMakeFiles/CMakeTmp »
Building C object CMakeFiles/cmTC_03707.dir/src.c.o
/usr/bin/cc    -std=gnu99 -pedantic -pedantic-errors -Wall -Wextra -Wshadow -Wmissing-prototypes -Wdeclaration-after-statement -Wunused -Wfloat-equal -Wpointer-arith -Wwrite-strings -Wformat-security -Wmissing-format-attribute -fPIC -fstack-protector -D_LARGEFILE64_SOURCE -DWITH_VISIBILITY_HIDDEN -fvisibility=hidden   -o CMakeFiles/cmTC_03707.dir/src.c.o   -c /home/qbayle/Test_ssh/spatch/libssh_examples/sample_ssh_server/build/CMakeFiles/CMakeTmp/src.c
/home/qbayle/Test_ssh/spatch/libssh_examples/sample_ssh_server/build/CMakeFiles/CMakeTmp/src.c:1:45: warning: no previous prototype for ‘test’ [-Wmissing-prototypes]
 void __attribute__((visibility("default"))) test() {}
                                             ^
Linking C executable cmTC_03707
/usr/bin/cmake -E cmake_link_script CMakeFiles/cmTC_03707.dir/link.txt --verbose=1
/usr/bin/cc   -std=gnu99 -pedantic -pedantic-errors -Wall -Wextra -Wshadow -Wmissing-prototypes -Wdeclaration-after-statement -Wunused -Wfloat-equal -Wpointer-arith -Wwrite-strings -Wformat-security -Wmissing-format-attribute -fPIC -fstack-protector -D_LARGEFILE64_SOURCE -DWITH_VISIBILITY_HIDDEN -fvisibility=hidden    CMakeFiles/cmTC_03707.dir/src.c.o  -o cmTC_03707 -rdynamic 
make[1] : on quitte le répertoire « /home/qbayle/Test_ssh/spatch/libssh_examples/sample_ssh_server/build/CMakeFiles/CMakeTmp »

Source file was:
void __attribute__((visibility("default"))) test() {}
int main(void){ return 0; }

Determining if the include file argp.h exists passed with the following output:
Change Dir: /home/qbayle/Test_ssh/spatch/libssh_examples/sample_ssh_server/build/CMakeFiles/CMakeTmp

Run Build Command:"/usr/bin/make" "cmTC_e4e6d/fast"
/usr/bin/make -f CMakeFiles/cmTC_e4e6d.dir/build.make CMakeFiles/cmTC_e4e6d.dir/build
make[1] : on entre dans le répertoire « /home/qbayle/Test_ssh/spatch/libssh_examples/sample_ssh_server/build/CMakeFiles/CMakeTmp »
Building C object CMakeFiles/cmTC_e4e6d.dir/CheckIncludeFile.c.o
/usr/bin/cc    -std=gnu99 -pedantic -pedantic-errors -Wall -Wextra -Wshadow -Wmissing-prototypes -Wdeclaration-after-statement -Wunused -Wfloat-equal -Wpointer-arith -Wwrite-strings -Wformat-security -Wmissing-format-attribute -fPIC -fstack-protector -D_LARGEFILE64_SOURCE    -o CMakeFiles/cmTC_e4e6d.dir/CheckIncludeFile.c.o   -c /home/qbayle/Test_ssh/spatch/libssh_examples/sample_ssh_server/build/CMakeFiles/CMakeTmp/CheckIncludeFile.c
Linking C executable cmTC_e4e6d
/usr/bin/cmake -E cmake_link_script CMakeFiles/cmTC_e4e6d.dir/link.txt --verbose=1
/usr/bin/cc   -std=gnu99 -pedantic -pedantic-errors -Wall -Wextra -Wshadow -Wmissing-prototypes -Wdeclaration-after-statement -Wunused -Wfloat-equal -Wpointer-arith -Wwrite-strings -Wformat-security -Wmissing-format-attribute -fPIC -fstack-protector -D_LARGEFILE64_SOURCE     CMakeFiles/cmTC_e4e6d.dir/CheckIncludeFile.c.o  -o cmTC_e4e6d -rdynamic 
make[1] : on quitte le répertoire « /home/qbayle/Test_ssh/spatch/libssh_examples/sample_ssh_server/build/CMakeFiles/CMakeTmp »


Determining if the include file pty.h exists passed with the following output:
Change Dir: /home/qbayle/Test_ssh/spatch/libssh_examples/sample_ssh_server/build/CMakeFiles/CMakeTmp

Run Build Command:"/usr/bin/make" "cmTC_09914/fast"
/usr/bin/make -f CMakeFiles/cmTC_09914.dir/build.make CMakeFiles/cmTC_09914.dir/build
make[1] : on entre dans le répertoire « /home/qbayle/Test_ssh/spatch/libssh_examples/sample_ssh_server/build/CMakeFiles/CMakeTmp »
Building C object CMakeFiles/cmTC_09914.dir/CheckIncludeFile.c.o
/usr/bin/cc    -std=gnu99 -pedantic -pedantic-errors -Wall -Wextra -Wshadow -Wmissing-prototypes -Wdeclaration-after-statement -Wunused -Wfloat-equal -Wpointer-arith -Wwrite-strings -Wformat-security -Wmissing-format-attribute -fPIC -fstack-protector -D_LARGEFILE64_SOURCE    -o CMakeFiles/cmTC_09914.dir/CheckIncludeFile.c.o   -c /home/qbayle/Test_ssh/spatch/libssh_examples/sample_ssh_server/build/CMakeFiles/CMakeTmp/CheckIncludeFile.c
Linking C executable cmTC_09914
/usr/bin/cmake -E cmake_link_script CMakeFiles/cmTC_09914.dir/link.txt --verbose=1
/usr/bin/cc   -std=gnu99 -pedantic -pedantic-errors -Wall -Wextra -Wshadow -Wmissing-prototypes -Wdeclaration-after-statement -Wunused -Wfloat-equal -Wpointer-arith -Wwrite-strings -Wformat-security -Wmissing-format-attribute -fPIC -fstack-protector -D_LARGEFILE64_SOURCE     CMakeFiles/cmTC_09914.dir/CheckIncludeFile.c.o  -o cmTC_09914 -rdynamic 
make[1] : on quitte le répertoire « /home/qbayle/Test_ssh/spatch/libssh_examples/sample_ssh_server/build/CMakeFiles/CMakeTmp »


Determining if the include file utmp.h exists passed with the following output:
Change Dir: /home/qbayle/Test_ssh/spatch/libssh_examples/sample_ssh_server/build/CMakeFiles/CMakeTmp

Run Build Command:"/usr/bin/make" "cmTC_65219/fast"
/usr/bin/make -f CMakeFiles/cmTC_65219.dir/build.make CMakeFiles/cmTC_65219.dir/build
make[1] : on entre dans le répertoire « /home/qbayle/Test_ssh/spatch/libssh_examples/sample_ssh_server/build/CMakeFiles/CMakeTmp »
Building C object CMakeFiles/cmTC_65219.dir/CheckIncludeFile.c.o
/usr/bin/cc    -std=gnu99 -pedantic -pedantic-errors -Wall -Wextra -Wshadow -Wmissing-prototypes -Wdeclaration-after-statement -Wunused -Wfloat-equal -Wpointer-arith -Wwrite-strings -Wformat-security -Wmissing-format-attribute -fPIC -fstack-protector -D_LARGEFILE64_SOURCE    -o CMakeFiles/cmTC_65219.dir/CheckIncludeFile.c.o   -c /home/qbayle/Test_ssh/spatch/libssh_examples/sample_ssh_server/build/CMakeFiles/CMakeTmp/CheckIncludeFile.c
Linking C executable cmTC_65219
/usr/bin/cmake -E cmake_link_script CMakeFiles/cmTC_65219.dir/link.txt --verbose=1
/usr/bin/cc   -std=gnu99 -pedantic -pedantic-errors -Wall -Wextra -Wshadow -Wmissing-prototypes -Wdeclaration-after-statement -Wunused -Wfloat-equal -Wpointer-arith -Wwrite-strings -Wformat-security -Wmissing-format-attribute -fPIC -fstack-protector -D_LARGEFILE64_SOURCE     CMakeFiles/cmTC_65219.dir/CheckIncludeFile.c.o  -o cmTC_65219 -rdynamic 
make[1] : on quitte le répertoire « /home/qbayle/Test_ssh/spatch/libssh_examples/sample_ssh_server/build/CMakeFiles/CMakeTmp »


Determining if the include file termios.h exists passed with the following output:
Change Dir: /home/qbayle/Test_ssh/spatch/libssh_examples/sample_ssh_server/build/CMakeFiles/CMakeTmp

Run Build Command:"/usr/bin/make" "cmTC_72636/fast"
/usr/bin/make -f CMakeFiles/cmTC_72636.dir/build.make CMakeFiles/cmTC_72636.dir/build
make[1] : on entre dans le répertoire « /home/qbayle/Test_ssh/spatch/libssh_examples/sample_ssh_server/build/CMakeFiles/CMakeTmp »
Building C object CMakeFiles/cmTC_72636.dir/CheckIncludeFile.c.o
/usr/bin/cc    -std=gnu99 -pedantic -pedantic-errors -Wall -Wextra -Wshadow -Wmissing-prototypes -Wdeclaration-after-statement -Wunused -Wfloat-equal -Wpointer-arith -Wwrite-strings -Wformat-security -Wmissing-format-attribute -fPIC -fstack-protector -D_LARGEFILE64_SOURCE    -o CMakeFiles/cmTC_72636.dir/CheckIncludeFile.c.o   -c /home/qbayle/Test_ssh/spatch/libssh_examples/sample_ssh_server/build/CMakeFiles/CMakeTmp/CheckIncludeFile.c
Linking C executable cmTC_72636
/usr/bin/cmake -E cmake_link_script CMakeFiles/cmTC_72636.dir/link.txt --verbose=1
/usr/bin/cc   -std=gnu99 -pedantic -pedantic-errors -Wall -Wextra -Wshadow -Wmissing-prototypes -Wdeclaration-after-statement -Wunused -Wfloat-equal -Wpointer-arith -Wwrite-strings -Wformat-security -Wmissing-format-attribute -fPIC -fstack-protector -D_LARGEFILE64_SOURCE     CMakeFiles/cmTC_72636.dir/CheckIncludeFile.c.o  -o cmTC_72636 -rdynamic 
make[1] : on quitte le répertoire « /home/qbayle/Test_ssh/spatch/libssh_examples/sample_ssh_server/build/CMakeFiles/CMakeTmp »


Determining if the include file unistd.h exists passed with the following output:
Change Dir: /home/qbayle/Test_ssh/spatch/libssh_examples/sample_ssh_server/build/CMakeFiles/CMakeTmp

Run Build Command:"/usr/bin/make" "cmTC_05897/fast"
/usr/bin/make -f CMakeFiles/cmTC_05897.dir/build.make CMakeFiles/cmTC_05897.dir/build
make[1] : on entre dans le répertoire « /home/qbayle/Test_ssh/spatch/libssh_examples/sample_ssh_server/build/CMakeFiles/CMakeTmp »
Building C object CMakeFiles/cmTC_05897.dir/CheckIncludeFile.c.o
/usr/bin/cc    -std=gnu99 -pedantic -pedantic-errors -Wall -Wextra -Wshadow -Wmissing-prototypes -Wdeclaration-after-statement -Wunused -Wfloat-equal -Wpointer-arith -Wwrite-strings -Wformat-security -Wmissing-format-attribute -fPIC -fstack-protector -D_LARGEFILE64_SOURCE    -o CMakeFiles/cmTC_05897.dir/CheckIncludeFile.c.o   -c /home/qbayle/Test_ssh/spatch/libssh_examples/sample_ssh_server/build/CMakeFiles/CMakeTmp/CheckIncludeFile.c
Linking C executable cmTC_05897
/usr/bin/cmake -E cmake_link_script CMakeFiles/cmTC_05897.dir/link.txt --verbose=1
/usr/bin/cc   -std=gnu99 -pedantic -pedantic-errors -Wall -Wextra -Wshadow -Wmissing-prototypes -Wdeclaration-after-statement -Wunused -Wfloat-equal -Wpointer-arith -Wwrite-strings -Wformat-security -Wmissing-format-attribute -fPIC -fstack-protector -D_LARGEFILE64_SOURCE     CMakeFiles/cmTC_05897.dir/CheckIncludeFile.c.o  -o cmTC_05897 -rdynamic 
make[1] : on quitte le répertoire « /home/qbayle/Test_ssh/spatch/libssh_examples/sample_ssh_server/build/CMakeFiles/CMakeTmp »


Determining if the include file sys/time.h exists passed with the following output:
Change Dir: /home/qbayle/Test_ssh/spatch/libssh_examples/sample_ssh_server/build/CMakeFiles/CMakeTmp

Run Build Command:"/usr/bin/make" "cmTC_ed977/fast"
/usr/bin/make -f CMakeFiles/cmTC_ed977.dir/build.make CMakeFiles/cmTC_ed977.dir/build
make[1] : on entre dans le répertoire « /home/qbayle/Test_ssh/spatch/libssh_examples/sample_ssh_server/build/CMakeFiles/CMakeTmp »
Building C object CMakeFiles/cmTC_ed977.dir/CheckIncludeFile.c.o
/usr/bin/cc    -std=gnu99 -pedantic -pedantic-errors -Wall -Wextra -Wshadow -Wmissing-prototypes -Wdeclaration-after-statement -Wunused -Wfloat-equal -Wpointer-arith -Wwrite-strings -Wformat-security -Wmissing-format-attribute -fPIC -fstack-protector -D_LARGEFILE64_SOURCE    -o CMakeFiles/cmTC_ed977.dir/CheckIncludeFile.c.o   -c /home/qbayle/Test_ssh/spatch/libssh_examples/sample_ssh_server/build/CMakeFiles/CMakeTmp/CheckIncludeFile.c
Linking C executable cmTC_ed977
/usr/bin/cmake -E cmake_link_script CMakeFiles/cmTC_ed977.dir/link.txt --verbose=1
/usr/bin/cc   -std=gnu99 -pedantic -pedantic-errors -Wall -Wextra -Wshadow -Wmissing-prototypes -Wdeclaration-after-statement -Wunused -Wfloat-equal -Wpointer-arith -Wwrite-strings -Wformat-security -Wmissing-format-attribute -fPIC -fstack-protector -D_LARGEFILE64_SOURCE     CMakeFiles/cmTC_ed977.dir/CheckIncludeFile.c.o  -o cmTC_ed977 -rdynamic 
make[1] : on quitte le répertoire « /home/qbayle/Test_ssh/spatch/libssh_examples/sample_ssh_server/build/CMakeFiles/CMakeTmp »


Determining if the include file sys/param.h exists passed with the following output:
Change Dir: /home/qbayle/Test_ssh/spatch/libssh_examples/sample_ssh_server/build/CMakeFiles/CMakeTmp

Run Build Command:"/usr/bin/make" "cmTC_ece44/fast"
/usr/bin/make -f CMakeFiles/cmTC_ece44.dir/build.make CMakeFiles/cmTC_ece44.dir/build
make[1] : on entre dans le répertoire « /home/qbayle/Test_ssh/spatch/libssh_examples/sample_ssh_server/build/CMakeFiles/CMakeTmp »
Building C object CMakeFiles/cmTC_ece44.dir/CheckIncludeFile.c.o
/usr/bin/cc    -std=gnu99 -pedantic -pedantic-errors -Wall -Wextra -Wshadow -Wmissing-prototypes -Wdeclaration-after-statement -Wunused -Wfloat-equal -Wpointer-arith -Wwrite-strings -Wformat-security -Wmissing-format-attribute -fPIC -fstack-protector -D_LARGEFILE64_SOURCE    -o CMakeFiles/cmTC_ece44.dir/CheckIncludeFile.c.o   -c /home/qbayle/Test_ssh/spatch/libssh_examples/sample_ssh_server/build/CMakeFiles/CMakeTmp/CheckIncludeFile.c
Linking C executable cmTC_ece44
/usr/bin/cmake -E cmake_link_script CMakeFiles/cmTC_ece44.dir/link.txt --verbose=1
/usr/bin/cc   -std=gnu99 -pedantic -pedantic-errors -Wall -Wextra -Wshadow -Wmissing-prototypes -Wdeclaration-after-statement -Wunused -Wfloat-equal -Wpointer-arith -Wwrite-strings -Wformat-security -Wmissing-format-attribute -fPIC -fstack-protector -D_LARGEFILE64_SOURCE     CMakeFiles/cmTC_ece44.dir/CheckIncludeFile.c.o  -o cmTC_ece44 -rdynamic 
make[1] : on quitte le répertoire « /home/qbayle/Test_ssh/spatch/libssh_examples/sample_ssh_server/build/CMakeFiles/CMakeTmp »


Determining if the include file arpa/inet.h exists passed with the following output:
Change Dir: /home/qbayle/Test_ssh/spatch/libssh_examples/sample_ssh_server/build/CMakeFiles/CMakeTmp

Run Build Command:"/usr/bin/make" "cmTC_08fa6/fast"
/usr/bin/make -f CMakeFiles/cmTC_08fa6.dir/build.make CMakeFiles/cmTC_08fa6.dir/build
make[1] : on entre dans le répertoire « /home/qbayle/Test_ssh/spatch/libssh_examples/sample_ssh_server/build/CMakeFiles/CMakeTmp »
Building C object CMakeFiles/cmTC_08fa6.dir/CheckIncludeFile.c.o
/usr/bin/cc    -std=gnu99 -pedantic -pedantic-errors -Wall -Wextra -Wshadow -Wmissing-prototypes -Wdeclaration-after-statement -Wunused -Wfloat-equal -Wpointer-arith -Wwrite-strings -Wformat-security -Wmissing-format-attribute -fPIC -fstack-protector -D_LARGEFILE64_SOURCE    -o CMakeFiles/cmTC_08fa6.dir/CheckIncludeFile.c.o   -c /home/qbayle/Test_ssh/spatch/libssh_examples/sample_ssh_server/build/CMakeFiles/CMakeTmp/CheckIncludeFile.c
Linking C executable cmTC_08fa6
/usr/bin/cmake -E cmake_link_script CMakeFiles/cmTC_08fa6.dir/link.txt --verbose=1
/usr/bin/cc   -std=gnu99 -pedantic -pedantic-errors -Wall -Wextra -Wshadow -Wmissing-prototypes -Wdeclaration-after-statement -Wunused -Wfloat-equal -Wpointer-arith -Wwrite-strings -Wformat-security -Wmissing-format-attribute -fPIC -fstack-protector -D_LARGEFILE64_SOURCE     CMakeFiles/cmTC_08fa6.dir/CheckIncludeFile.c.o  -o cmTC_08fa6 -rdynamic 
make[1] : on quitte le répertoire « /home/qbayle/Test_ssh/spatch/libssh_examples/sample_ssh_server/build/CMakeFiles/CMakeTmp »


Determining if the include file byteswap.h exists passed with the following output:
Change Dir: /home/qbayle/Test_ssh/spatch/libssh_examples/sample_ssh_server/build/CMakeFiles/CMakeTmp

Run Build Command:"/usr/bin/make" "cmTC_86aed/fast"
/usr/bin/make -f CMakeFiles/cmTC_86aed.dir/build.make CMakeFiles/cmTC_86aed.dir/build
make[1] : on entre dans le répertoire « /home/qbayle/Test_ssh/spatch/libssh_examples/sample_ssh_server/build/CMakeFiles/CMakeTmp »
Building C object CMakeFiles/cmTC_86aed.dir/CheckIncludeFile.c.o
/usr/bin/cc    -std=gnu99 -pedantic -pedantic-errors -Wall -Wextra -Wshadow -Wmissing-prototypes -Wdeclaration-after-statement -Wunused -Wfloat-equal -Wpointer-arith -Wwrite-strings -Wformat-security -Wmissing-format-attribute -fPIC -fstack-protector -D_LARGEFILE64_SOURCE    -o CMakeFiles/cmTC_86aed.dir/CheckIncludeFile.c.o   -c /home/qbayle/Test_ssh/spatch/libssh_examples/sample_ssh_server/build/CMakeFiles/CMakeTmp/CheckIncludeFile.c
Linking C executable cmTC_86aed
/usr/bin/cmake -E cmake_link_script CMakeFiles/cmTC_86aed.dir/link.txt --verbose=1
/usr/bin/cc   -std=gnu99 -pedantic -pedantic-errors -Wall -Wextra -Wshadow -Wmissing-prototypes -Wdeclaration-after-statement -Wunused -Wfloat-equal -Wpointer-arith -Wwrite-strings -Wformat-security -Wmissing-format-attribute -fPIC -fstack-protector -D_LARGEFILE64_SOURCE     CMakeFiles/cmTC_86aed.dir/CheckIncludeFile.c.o  -o cmTC_86aed -rdynamic 
make[1] : on quitte le répertoire « /home/qbayle/Test_ssh/spatch/libssh_examples/sample_ssh_server/build/CMakeFiles/CMakeTmp »


Determining if the function isblank exists passed with the following output:
Change Dir: /home/qbayle/Test_ssh/spatch/libssh_examples/sample_ssh_server/build/CMakeFiles/CMakeTmp

Run Build Command:"/usr/bin/make" "cmTC_89e01/fast"
/usr/bin/make -f CMakeFiles/cmTC_89e01.dir/build.make CMakeFiles/cmTC_89e01.dir/build
make[1] : on entre dans le répertoire « /home/qbayle/Test_ssh/spatch/libssh_examples/sample_ssh_server/build/CMakeFiles/CMakeTmp »
Building C object CMakeFiles/cmTC_89e01.dir/CheckFunctionExists.c.o
/usr/bin/cc    -std=gnu99 -pedantic -pedantic-errors -Wall -Wextra -Wshadow -Wmissing-prototypes -Wdeclaration-after-statement -Wunused -Wfloat-equal -Wpointer-arith -Wwrite-strings -Wformat-security -Wmissing-format-attribute -fPIC -fstack-protector -D_LARGEFILE64_SOURCE -DCHECK_FUNCTION_EXISTS=isblank   -o CMakeFiles/cmTC_89e01.dir/CheckFunctionExists.c.o   -c /usr/share/cmake-3.5/Modules/CheckFunctionExists.c
<command-line>:0:23: warning: conflicting types for built-in function ‘isblank’
/usr/share/cmake-3.5/Modules/CheckFunctionExists.c:6:6: note: in expansion of macro ‘CHECK_FUNCTION_EXISTS’
 char CHECK_FUNCTION_EXISTS();
      ^
Linking C executable cmTC_89e01
/usr/bin/cmake -E cmake_link_script CMakeFiles/cmTC_89e01.dir/link.txt --verbose=1
/usr/bin/cc   -std=gnu99 -pedantic -pedantic-errors -Wall -Wextra -Wshadow -Wmissing-prototypes -Wdeclaration-after-statement -Wunused -Wfloat-equal -Wpointer-arith -Wwrite-strings -Wformat-security -Wmissing-format-attribute -fPIC -fstack-protector -D_LARGEFILE64_SOURCE -DCHECK_FUNCTION_EXISTS=isblank    CMakeFiles/cmTC_89e01.dir/CheckFunctionExists.c.o  -o cmTC_89e01 -rdynamic 
make[1] : on quitte le répertoire « /home/qbayle/Test_ssh/spatch/libssh_examples/sample_ssh_server/build/CMakeFiles/CMakeTmp »


Determining if the function strncpy exists passed with the following output:
Change Dir: /home/qbayle/Test_ssh/spatch/libssh_examples/sample_ssh_server/build/CMakeFiles/CMakeTmp

Run Build Command:"/usr/bin/make" "cmTC_13e1a/fast"
/usr/bin/make -f CMakeFiles/cmTC_13e1a.dir/build.make CMakeFiles/cmTC_13e1a.dir/build
make[1] : on entre dans le répertoire « /home/qbayle/Test_ssh/spatch/libssh_examples/sample_ssh_server/build/CMakeFiles/CMakeTmp »
Building C object CMakeFiles/cmTC_13e1a.dir/CheckFunctionExists.c.o
/usr/bin/cc    -std=gnu99 -pedantic -pedantic-errors -Wall -Wextra -Wshadow -Wmissing-prototypes -Wdeclaration-after-statement -Wunused -Wfloat-equal -Wpointer-arith -Wwrite-strings -Wformat-security -Wmissing-format-attribute -fPIC -fstack-protector -D_LARGEFILE64_SOURCE -DCHECK_FUNCTION_EXISTS=strncpy   -o CMakeFiles/cmTC_13e1a.dir/CheckFunctionExists.c.o   -c /usr/share/cmake-3.5/Modules/CheckFunctionExists.c
<command-line>:0:23: warning: conflicting types for built-in function ‘strncpy’
/usr/share/cmake-3.5/Modules/CheckFunctionExists.c:6:6: note: in expansion of macro ‘CHECK_FUNCTION_EXISTS’
 char CHECK_FUNCTION_EXISTS();
      ^
Linking C executable cmTC_13e1a
/usr/bin/cmake -E cmake_link_script CMakeFiles/cmTC_13e1a.dir/link.txt --verbose=1
/usr/bin/cc   -std=gnu99 -pedantic -pedantic-errors -Wall -Wextra -Wshadow -Wmissing-prototypes -Wdeclaration-after-statement -Wunused -Wfloat-equal -Wpointer-arith -Wwrite-strings -Wformat-security -Wmissing-format-attribute -fPIC -fstack-protector -D_LARGEFILE64_SOURCE -DCHECK_FUNCTION_EXISTS=strncpy    CMakeFiles/cmTC_13e1a.dir/CheckFunctionExists.c.o  -o cmTC_13e1a -rdynamic 
make[1] : on quitte le répertoire « /home/qbayle/Test_ssh/spatch/libssh_examples/sample_ssh_server/build/CMakeFiles/CMakeTmp »


Determining if the function strtoull exists passed with the following output:
Change Dir: /home/qbayle/Test_ssh/spatch/libssh_examples/sample_ssh_server/build/CMakeFiles/CMakeTmp

Run Build Command:"/usr/bin/make" "cmTC_710d7/fast"
/usr/bin/make -f CMakeFiles/cmTC_710d7.dir/build.make CMakeFiles/cmTC_710d7.dir/build
make[1] : on entre dans le répertoire « /home/qbayle/Test_ssh/spatch/libssh_examples/sample_ssh_server/build/CMakeFiles/CMakeTmp »
Building C object CMakeFiles/cmTC_710d7.dir/CheckFunctionExists.c.o
/usr/bin/cc    -std=gnu99 -pedantic -pedantic-errors -Wall -Wextra -Wshadow -Wmissing-prototypes -Wdeclaration-after-statement -Wunused -Wfloat-equal -Wpointer-arith -Wwrite-strings -Wformat-security -Wmissing-format-attribute -fPIC -fstack-protector -D_LARGEFILE64_SOURCE -DCHECK_FUNCTION_EXISTS=strtoull   -o CMakeFiles/cmTC_710d7.dir/CheckFunctionExists.c.o   -c /usr/share/cmake-3.5/Modules/CheckFunctionExists.c
Linking C executable cmTC_710d7
/usr/bin/cmake -E cmake_link_script CMakeFiles/cmTC_710d7.dir/link.txt --verbose=1
/usr/bin/cc   -std=gnu99 -pedantic -pedantic-errors -Wall -Wextra -Wshadow -Wmissing-prototypes -Wdeclaration-after-statement -Wunused -Wfloat-equal -Wpointer-arith -Wwrite-strings -Wformat-security -Wmissing-format-attribute -fPIC -fstack-protector -D_LARGEFILE64_SOURCE -DCHECK_FUNCTION_EXISTS=strtoull    CMakeFiles/cmTC_710d7.dir/CheckFunctionExists.c.o  -o cmTC_710d7 -rdynamic 
make[1] : on quitte le répertoire « /home/qbayle/Test_ssh/spatch/libssh_examples/sample_ssh_server/build/CMakeFiles/CMakeTmp »


Determining if the function vsnprintf exists passed with the following output:
Change Dir: /home/qbayle/Test_ssh/spatch/libssh_examples/sample_ssh_server/build/CMakeFiles/CMakeTmp

Run Build Command:"/usr/bin/make" "cmTC_600ef/fast"
/usr/bin/make -f CMakeFiles/cmTC_600ef.dir/build.make CMakeFiles/cmTC_600ef.dir/build
make[1] : on entre dans le répertoire « /home/qbayle/Test_ssh/spatch/libssh_examples/sample_ssh_server/build/CMakeFiles/CMakeTmp »
Building C object CMakeFiles/cmTC_600ef.dir/CheckFunctionExists.c.o
/usr/bin/cc    -std=gnu99 -pedantic -pedantic-errors -Wall -Wextra -Wshadow -Wmissing-prototypes -Wdeclaration-after-statement -Wunused -Wfloat-equal -Wpointer-arith -Wwrite-strings -Wformat-security -Wmissing-format-attribute -fPIC -fstack-protector -D_LARGEFILE64_SOURCE -DCHECK_FUNCTION_EXISTS=vsnprintf   -o CMakeFiles/cmTC_600ef.dir/CheckFunctionExists.c.o   -c /usr/share/cmake-3.5/Modules/CheckFunctionExists.c
<command-line>:0:23: warning: conflicting types for built-in function ‘vsnprintf’
/usr/share/cmake-3.5/Modules/CheckFunctionExists.c:6:6: note: in expansion of macro ‘CHECK_FUNCTION_EXISTS’
 char CHECK_FUNCTION_EXISTS();
      ^
Linking C executable cmTC_600ef
/usr/bin/cmake -E cmake_link_script CMakeFiles/cmTC_600ef.dir/link.txt --verbose=1
/usr/bin/cc   -std=gnu99 -pedantic -pedantic-errors -Wall -Wextra -Wshadow -Wmissing-prototypes -Wdeclaration-after-statement -Wunused -Wfloat-equal -Wpointer-arith -Wwrite-strings -Wformat-security -Wmissing-format-attribute -fPIC -fstack-protector -D_LARGEFILE64_SOURCE -DCHECK_FUNCTION_EXISTS=vsnprintf    CMakeFiles/cmTC_600ef.dir/CheckFunctionExists.c.o  -o cmTC_600ef -rdynamic 
make[1] : on quitte le répertoire « /home/qbayle/Test_ssh/spatch/libssh_examples/sample_ssh_server/build/CMakeFiles/CMakeTmp »


Determining if the function snprintf exists passed with the following output:
Change Dir: /home/qbayle/Test_ssh/spatch/libssh_examples/sample_ssh_server/build/CMakeFiles/CMakeTmp

Run Build Command:"/usr/bin/make" "cmTC_2060a/fast"
/usr/bin/make -f CMakeFiles/cmTC_2060a.dir/build.make CMakeFiles/cmTC_2060a.dir/build
make[1] : on entre dans le répertoire « /home/qbayle/Test_ssh/spatch/libssh_examples/sample_ssh_server/build/CMakeFiles/CMakeTmp »
Building C object CMakeFiles/cmTC_2060a.dir/CheckFunctionExists.c.o
/usr/bin/cc    -std=gnu99 -pedantic -pedantic-errors -Wall -Wextra -Wshadow -Wmissing-prototypes -Wdeclaration-after-statement -Wunused -Wfloat-equal -Wpointer-arith -Wwrite-strings -Wformat-security -Wmissing-format-attribute -fPIC -fstack-protector -D_LARGEFILE64_SOURCE -DCHECK_FUNCTION_EXISTS=snprintf   -o CMakeFiles/cmTC_2060a.dir/CheckFunctionExists.c.o   -c /usr/share/cmake-3.5/Modules/CheckFunctionExists.c
<command-line>:0:23: warning: conflicting types for built-in function ‘snprintf’
/usr/share/cmake-3.5/Modules/CheckFunctionExists.c:6:6: note: in expansion of macro ‘CHECK_FUNCTION_EXISTS’
 char CHECK_FUNCTION_EXISTS();
      ^
Linking C executable cmTC_2060a
/usr/bin/cmake -E cmake_link_script CMakeFiles/cmTC_2060a.dir/link.txt --verbose=1
/usr/bin/cc   -std=gnu99 -pedantic -pedantic-errors -Wall -Wextra -Wshadow -Wmissing-prototypes -Wdeclaration-after-statement -Wunused -Wfloat-equal -Wpointer-arith -Wwrite-strings -Wformat-security -Wmissing-format-attribute -fPIC -fstack-protector -D_LARGEFILE64_SOURCE -DCHECK_FUNCTION_EXISTS=snprintf    CMakeFiles/cmTC_2060a.dir/CheckFunctionExists.c.o  -o cmTC_2060a -rdynamic 
make[1] : on quitte le répertoire « /home/qbayle/Test_ssh/spatch/libssh_examples/sample_ssh_server/build/CMakeFiles/CMakeTmp »


Determining if the function poll exists passed with the following output:
Change Dir: /home/qbayle/Test_ssh/spatch/libssh_examples/sample_ssh_server/build/CMakeFiles/CMakeTmp

Run Build Command:"/usr/bin/make" "cmTC_9ad8b/fast"
/usr/bin/make -f CMakeFiles/cmTC_9ad8b.dir/build.make CMakeFiles/cmTC_9ad8b.dir/build
make[1] : on entre dans le répertoire « /home/qbayle/Test_ssh/spatch/libssh_examples/sample_ssh_server/build/CMakeFiles/CMakeTmp »
Building C object CMakeFiles/cmTC_9ad8b.dir/CheckFunctionExists.c.o
/usr/bin/cc    -std=gnu99 -pedantic -pedantic-errors -Wall -Wextra -Wshadow -Wmissing-prototypes -Wdeclaration-after-statement -Wunused -Wfloat-equal -Wpointer-arith -Wwrite-strings -Wformat-security -Wmissing-format-attribute -fPIC -fstack-protector -D_LARGEFILE64_SOURCE -DCHECK_FUNCTION_EXISTS=poll   -o CMakeFiles/cmTC_9ad8b.dir/CheckFunctionExists.c.o   -c /usr/share/cmake-3.5/Modules/CheckFunctionExists.c
Linking C executable cmTC_9ad8b
/usr/bin/cmake -E cmake_link_script CMakeFiles/cmTC_9ad8b.dir/link.txt --verbose=1
/usr/bin/cc   -std=gnu99 -pedantic -pedantic-errors -Wall -Wextra -Wshadow -Wmissing-prototypes -Wdeclaration-after-statement -Wunused -Wfloat-equal -Wpointer-arith -Wwrite-strings -Wformat-security -Wmissing-format-attribute -fPIC -fstack-protector -D_LARGEFILE64_SOURCE -DCHECK_FUNCTION_EXISTS=poll    CMakeFiles/cmTC_9ad8b.dir/CheckFunctionExists.c.o  -o cmTC_9ad8b -rdynamic 
make[1] : on quitte le répertoire « /home/qbayle/Test_ssh/spatch/libssh_examples/sample_ssh_server/build/CMakeFiles/CMakeTmp »


Determining if the function select exists passed with the following output:
Change Dir: /home/qbayle/Test_ssh/spatch/libssh_examples/sample_ssh_server/build/CMakeFiles/CMakeTmp

Run Build Command:"/usr/bin/make" "cmTC_f5692/fast"
/usr/bin/make -f CMakeFiles/cmTC_f5692.dir/build.make CMakeFiles/cmTC_f5692.dir/build
make[1] : on entre dans le répertoire « /home/qbayle/Test_ssh/spatch/libssh_examples/sample_ssh_server/build/CMakeFiles/CMakeTmp »
Building C object CMakeFiles/cmTC_f5692.dir/CheckFunctionExists.c.o
/usr/bin/cc    -std=gnu99 -pedantic -pedantic-errors -Wall -Wextra -Wshadow -Wmissing-prototypes -Wdeclaration-after-statement -Wunused -Wfloat-equal -Wpointer-arith -Wwrite-strings -Wformat-security -Wmissing-format-attribute -fPIC -fstack-protector -D_LARGEFILE64_SOURCE -DCHECK_FUNCTION_EXISTS=select   -o CMakeFiles/cmTC_f5692.dir/CheckFunctionExists.c.o   -c /usr/share/cmake-3.5/Modules/CheckFunctionExists.c
Linking C executable cmTC_f5692
/usr/bin/cmake -E cmake_link_script CMakeFiles/cmTC_f5692.dir/link.txt --verbose=1
/usr/bin/cc   -std=gnu99 -pedantic -pedantic-errors -Wall -Wextra -Wshadow -Wmissing-prototypes -Wdeclaration-after-statement -Wunused -Wfloat-equal -Wpointer-arith -Wwrite-strings -Wformat-security -Wmissing-format-attribute -fPIC -fstack-protector -D_LARGEFILE64_SOURCE -DCHECK_FUNCTION_EXISTS=select    CMakeFiles/cmTC_f5692.dir/CheckFunctionExists.c.o  -o cmTC_f5692 -rdynamic 
make[1] : on quitte le répertoire « /home/qbayle/Test_ssh/spatch/libssh_examples/sample_ssh_server/build/CMakeFiles/CMakeTmp »


Determining if the function getaddrinfo exists passed with the following output:
Change Dir: /home/qbayle/Test_ssh/spatch/libssh_examples/sample_ssh_server/build/CMakeFiles/CMakeTmp

Run Build Command:"/usr/bin/make" "cmTC_587b0/fast"
/usr/bin/make -f CMakeFiles/cmTC_587b0.dir/build.make CMakeFiles/cmTC_587b0.dir/build
make[1] : on entre dans le répertoire « /home/qbayle/Test_ssh/spatch/libssh_examples/sample_ssh_server/build/CMakeFiles/CMakeTmp »
Building C object CMakeFiles/cmTC_587b0.dir/CheckFunctionExists.c.o
/usr/bin/cc    -std=gnu99 -pedantic -pedantic-errors -Wall -Wextra -Wshadow -Wmissing-prototypes -Wdeclaration-after-statement -Wunused -Wfloat-equal -Wpointer-arith -Wwrite-strings -Wformat-security -Wmissing-format-attribute -fPIC -fstack-protector -D_LARGEFILE64_SOURCE -DCHECK_FUNCTION_EXISTS=getaddrinfo   -o CMakeFiles/cmTC_587b0.dir/CheckFunctionExists.c.o   -c /usr/share/cmake-3.5/Modules/CheckFunctionExists.c
Linking C executable cmTC_587b0
/usr/bin/cmake -E cmake_link_script CMakeFiles/cmTC_587b0.dir/link.txt --verbose=1
/usr/bin/cc   -std=gnu99 -pedantic -pedantic-errors -Wall -Wextra -Wshadow -Wmissing-prototypes -Wdeclaration-after-statement -Wunused -Wfloat-equal -Wpointer-arith -Wwrite-strings -Wformat-security -Wmissing-format-attribute -fPIC -fstack-protector -D_LARGEFILE64_SOURCE -DCHECK_FUNCTION_EXISTS=getaddrinfo    CMakeFiles/cmTC_587b0.dir/CheckFunctionExists.c.o  -o cmTC_587b0 -rdynamic 
make[1] : on quitte le répertoire « /home/qbayle/Test_ssh/spatch/libssh_examples/sample_ssh_server/build/CMakeFiles/CMakeTmp »


Determining if the function clock_gettime exists in the rt passed with the following output:
Change Dir: /home/qbayle/Test_ssh/spatch/libssh_examples/sample_ssh_server/build/CMakeFiles/CMakeTmp

Run Build Command:"/usr/bin/make" "cmTC_d4c50/fast"
/usr/bin/make -f CMakeFiles/cmTC_d4c50.dir/build.make CMakeFiles/cmTC_d4c50.dir/build
make[1] : on entre dans le répertoire « /home/qbayle/Test_ssh/spatch/libssh_examples/sample_ssh_server/build/CMakeFiles/CMakeTmp »
Building C object CMakeFiles/cmTC_d4c50.dir/CheckFunctionExists.c.o
/usr/bin/cc    -std=gnu99 -pedantic -pedantic-errors -Wall -Wextra -Wshadow -Wmissing-prototypes -Wdeclaration-after-statement -Wunused -Wfloat-equal -Wpointer-arith -Wwrite-strings -Wformat-security -Wmissing-format-attribute -fPIC -fstack-protector -D_LARGEFILE64_SOURCE -DCHECK_FUNCTION_EXISTS=clock_gettime   -o CMakeFiles/cmTC_d4c50.dir/CheckFunctionExists.c.o   -c /usr/share/cmake-3.5/Modules/CheckFunctionExists.c
Linking C executable cmTC_d4c50
/usr/bin/cmake -E cmake_link_script CMakeFiles/cmTC_d4c50.dir/link.txt --verbose=1
/usr/bin/cc   -std=gnu99 -pedantic -pedantic-errors -Wall -Wextra -Wshadow -Wmissing-prototypes -Wdeclaration-after-statement -Wunused -Wfloat-equal -Wpointer-arith -Wwrite-strings -Wformat-security -Wmissing-format-attribute -fPIC -fstack-protector -D_LARGEFILE64_SOURCE -DCHECK_FUNCTION_EXISTS=clock_gettime    CMakeFiles/cmTC_d4c50.dir/CheckFunctionExists.c.o  -o cmTC_d4c50 -rdynamic -lrt 
make[1] : on quitte le répertoire « /home/qbayle/Test_ssh/spatch/libssh_examples/sample_ssh_server/build/CMakeFiles/CMakeTmp »


Determining if the function forkpty exists in the util passed with the following output:
Change Dir: /home/qbayle/Test_ssh/spatch/libssh_examples/sample_ssh_server/build/CMakeFiles/CMakeTmp

Run Build Command:"/usr/bin/make" "cmTC_6d0a2/fast"
/usr/bin/make -f CMakeFiles/cmTC_6d0a2.dir/build.make CMakeFiles/cmTC_6d0a2.dir/build
make[1] : on entre dans le répertoire « /home/qbayle/Test_ssh/spatch/libssh_examples/sample_ssh_server/build/CMakeFiles/CMakeTmp »
Building C object CMakeFiles/cmTC_6d0a2.dir/CheckFunctionExists.c.o
/usr/bin/cc    -std=gnu99 -pedantic -pedantic-errors -Wall -Wextra -Wshadow -Wmissing-prototypes -Wdeclaration-after-statement -Wunused -Wfloat-equal -Wpointer-arith -Wwrite-strings -Wformat-security -Wmissing-format-attribute -fPIC -fstack-protector -D_LARGEFILE64_SOURCE -DCHECK_FUNCTION_EXISTS=forkpty   -o CMakeFiles/cmTC_6d0a2.dir/CheckFunctionExists.c.o   -c /usr/share/cmake-3.5/Modules/CheckFunctionExists.c
Linking C executable cmTC_6d0a2
/usr/bin/cmake -E cmake_link_script CMakeFiles/cmTC_6d0a2.dir/link.txt --verbose=1
/usr/bin/cc   -std=gnu99 -pedantic -pedantic-errors -Wall -Wextra -Wshadow -Wmissing-prototypes -Wdeclaration-after-statement -Wunused -Wfloat-equal -Wpointer-arith -Wwrite-strings -Wformat-security -Wmissing-format-attribute -fPIC -fstack-protector -D_LARGEFILE64_SOURCE -DCHECK_FUNCTION_EXISTS=forkpty    CMakeFiles/cmTC_6d0a2.dir/CheckFunctionExists.c.o  -o cmTC_6d0a2 -rdynamic -lutil -lrt 
make[1] : on quitte le répertoire « /home/qbayle/Test_ssh/spatch/libssh_examples/sample_ssh_server/build/CMakeFiles/CMakeTmp »


Determining if the function cfmakeraw exists passed with the following output:
Change Dir: /home/qbayle/Test_ssh/spatch/libssh_examples/sample_ssh_server/build/CMakeFiles/CMakeTmp

Run Build Command:"/usr/bin/make" "cmTC_fee40/fast"
/usr/bin/make -f CMakeFiles/cmTC_fee40.dir/build.make CMakeFiles/cmTC_fee40.dir/build
make[1] : on entre dans le répertoire « /home/qbayle/Test_ssh/spatch/libssh_examples/sample_ssh_server/build/CMakeFiles/CMakeTmp »
Building C object CMakeFiles/cmTC_fee40.dir/CheckFunctionExists.c.o
/usr/bin/cc    -std=gnu99 -pedantic -pedantic-errors -Wall -Wextra -Wshadow -Wmissing-prototypes -Wdeclaration-after-statement -Wunused -Wfloat-equal -Wpointer-arith -Wwrite-strings -Wformat-security -Wmissing-format-attribute -fPIC -fstack-protector -D_LARGEFILE64_SOURCE -DCHECK_FUNCTION_EXISTS=cfmakeraw   -o CMakeFiles/cmTC_fee40.dir/CheckFunctionExists.c.o   -c /usr/share/cmake-3.5/Modules/CheckFunctionExists.c
Linking C executable cmTC_fee40
/usr/bin/cmake -E cmake_link_script CMakeFiles/cmTC_fee40.dir/link.txt --verbose=1
/usr/bin/cc   -std=gnu99 -pedantic -pedantic-errors -Wall -Wextra -Wshadow -Wmissing-prototypes -Wdeclaration-after-statement -Wunused -Wfloat-equal -Wpointer-arith -Wwrite-strings -Wformat-security -Wmissing-format-attribute -fPIC -fstack-protector -D_LARGEFILE64_SOURCE -DCHECK_FUNCTION_EXISTS=cfmakeraw    CMakeFiles/cmTC_fee40.dir/CheckFunctionExists.c.o  -o cmTC_fee40 -rdynamic -lrt 
make[1] : on quitte le répertoire « /home/qbayle/Test_ssh/spatch/libssh_examples/sample_ssh_server/build/CMakeFiles/CMakeTmp »


Performing C SOURCE FILE Test HAVE_GCC_THREAD_LOCAL_STORAGE succeeded with the following output:
Change Dir: /home/qbayle/Test_ssh/spatch/libssh_examples/sample_ssh_server/build/CMakeFiles/CMakeTmp

Run Build Command:"/usr/bin/make" "cmTC_d266a/fast"
/usr/bin/make -f CMakeFiles/cmTC_d266a.dir/build.make CMakeFiles/cmTC_d266a.dir/build
make[1] : on entre dans le répertoire « /home/qbayle/Test_ssh/spatch/libssh_examples/sample_ssh_server/build/CMakeFiles/CMakeTmp »
Building C object CMakeFiles/cmTC_d266a.dir/src.c.o
/usr/bin/cc    -std=gnu99 -pedantic -pedantic-errors -Wall -Wextra -Wshadow -Wmissing-prototypes -Wdeclaration-after-statement -Wunused -Wfloat-equal -Wpointer-arith -Wwrite-strings -Wformat-security -Wmissing-format-attribute -fPIC -fstack-protector -D_LARGEFILE64_SOURCE -DHAVE_GCC_THREAD_LOCAL_STORAGE   -o CMakeFiles/cmTC_d266a.dir/src.c.o   -c /home/qbayle/Test_ssh/spatch/libssh_examples/sample_ssh_server/build/CMakeFiles/CMakeTmp/src.c
Linking C executable cmTC_d266a
/usr/bin/cmake -E cmake_link_script CMakeFiles/cmTC_d266a.dir/link.txt --verbose=1
/usr/bin/cc   -std=gnu99 -pedantic -pedantic-errors -Wall -Wextra -Wshadow -Wmissing-prototypes -Wdeclaration-after-statement -Wunused -Wfloat-equal -Wpointer-arith -Wwrite-strings -Wformat-security -Wmissing-format-attribute -fPIC -fstack-protector -D_LARGEFILE64_SOURCE -DHAVE_GCC_THREAD_LOCAL_STORAGE    CMakeFiles/cmTC_d266a.dir/src.c.o  -o cmTC_d266a -rdynamic -lrt 
make[1] : on quitte le répertoire « /home/qbayle/Test_ssh/spatch/libssh_examples/sample_ssh_server/build/CMakeFiles/CMakeTmp »

Source file was:

__thread int tls;

int main(void) {
    return 0;
}
Performing C SOURCE FILE Test HAVE_GCC_VOLATILE_MEMORY_PROTECTION succeeded with the following output:
Change Dir: /home/qbayle/Test_ssh/spatch/libssh_examples/sample_ssh_server/build/CMakeFiles/CMakeTmp

Run Build Command:"/usr/bin/make" "cmTC_40551/fast"
/usr/bin/make -f CMakeFiles/cmTC_40551.dir/build.make CMakeFiles/cmTC_40551.dir/build
make[1] : on entre dans le répertoire « /home/qbayle/Test_ssh/spatch/libssh_examples/sample_ssh_server/build/CMakeFiles/CMakeTmp »
Building C object CMakeFiles/cmTC_40551.dir/src.c.o
/usr/bin/cc    -std=gnu99 -pedantic -pedantic-errors -Wall -Wextra -Wshadow -Wmissing-prototypes -Wdeclaration-after-statement -Wunused -Wfloat-equal -Wpointer-arith -Wwrite-strings -Wformat-security -Wmissing-format-attribute -fPIC -fstack-protector -D_LARGEFILE64_SOURCE -DHAVE_GCC_VOLATILE_MEMORY_PROTECTION   -o CMakeFiles/cmTC_40551.dir/src.c.o   -c /home/qbayle/Test_ssh/spatch/libssh_examples/sample_ssh_server/build/CMakeFiles/CMakeTmp/src.c
Linking C executable cmTC_40551
/usr/bin/cmake -E cmake_link_script CMakeFiles/cmTC_40551.dir/link.txt --verbose=1
/usr/bin/cc   -std=gnu99 -pedantic -pedantic-errors -Wall -Wextra -Wshadow -Wmissing-prototypes -Wdeclaration-after-statement -Wunused -Wfloat-equal -Wpointer-arith -Wwrite-strings -Wformat-security -Wmissing-format-attribute -fPIC -fstack-protector -D_LARGEFILE64_SOURCE -DHAVE_GCC_VOLATILE_MEMORY_PROTECTION    CMakeFiles/cmTC_40551.dir/src.c.o  -o cmTC_40551 -rdynamic -lrt 
make[1] : on quitte le répertoire « /home/qbayle/Test_ssh/spatch/libssh_examples/sample_ssh_server/build/CMakeFiles/CMakeTmp »

Source file was:

#include <string.h>

int main(void)
{
    char buf[] = "This is some content";

    memset(buf, '\0', sizeof(buf)); __asm__ volatile("" : : "r"(&buf) : "memory");

    return 0;
}
Performing C SOURCE FILE Test HAVE_GCC_NARG_MACRO succeeded with the following output:
Change Dir: /home/qbayle/Test_ssh/spatch/libssh_examples/sample_ssh_server/build/CMakeFiles/CMakeTmp

Run Build Command:"/usr/bin/make" "cmTC_f1732/fast"
/usr/bin/make -f CMakeFiles/cmTC_f1732.dir/build.make CMakeFiles/cmTC_f1732.dir/build
make[1] : on entre dans le répertoire « /home/qbayle/Test_ssh/spatch/libssh_examples/sample_ssh_server/build/CMakeFiles/CMakeTmp »
Building C object CMakeFiles/cmTC_f1732.dir/src.c.o
/usr/bin/cc    -std=gnu99 -pedantic -pedantic-errors -Wall -Wextra -Wshadow -Wmissing-prototypes -Wdeclaration-after-statement -Wunused -Wfloat-equal -Wpointer-arith -Wwrite-strings -Wformat-security -Wmissing-format-attribute -fPIC -fstack-protector -D_LARGEFILE64_SOURCE -DHAVE_GCC_NARG_MACRO   -o CMakeFiles/cmTC_f1732.dir/src.c.o   -c /home/qbayle/Test_ssh/spatch/libssh_examples/sample_ssh_server/build/CMakeFiles/CMakeTmp/src.c
Linking C executable cmTC_f1732
/usr/bin/cmake -E cmake_link_script CMakeFiles/cmTC_f1732.dir/link.txt --verbose=1
/usr/bin/cc   -std=gnu99 -pedantic -pedantic-errors -Wall -Wextra -Wshadow -Wmissing-prototypes -Wdeclaration-after-statement -Wunused -Wfloat-equal -Wpointer-arith -Wwrite-strings -Wformat-security -Wmissing-format-attribute -fPIC -fstack-protector -D_LARGEFILE64_SOURCE -DHAVE_GCC_NARG_MACRO    CMakeFiles/cmTC_f1732.dir/src.c.o  -o cmTC_f1732 -rdynamic -lrt 
make[1] : on quitte le répertoire « /home/qbayle/Test_ssh/spatch/libssh_examples/sample_ssh_server/build/CMakeFiles/CMakeTmp »

Source file was:

#include <stdio.h>
#define __VA_NARG__(...) (__VA_NARG_(_0, ## __VA_ARGS__, __RSEQ_N()) - 1)
#define __VA_NARG_(...) __VA_ARG_N(__VA_ARGS__)
#define __VA_ARG_N( _1, _2, _3, _4, _5, _6, _7, _8, _9,_10,N,...) N
#define __RSEQ_N() 10, 9,  8,  7,  6,  5,  4,  3,  2,  1,  0
#define myprintf(format, ...) printf((format), __VA_NARG__(__VA_ARGS__), __VA_ARGS__)
int main(void) {
    myprintf("%d %d %d %d",1,2,3);
    return 0;
}
Performing C SOURCE FILE Test HAVE_COMPILER__FUNC__ succeeded with the following output:
Change Dir: /home/qbayle/Test_ssh/spatch/libssh_examples/sample_ssh_server/build/CMakeFiles/CMakeTmp

Run Build Command:"/usr/bin/make" "cmTC_e1097/fast"
/usr/bin/make -f CMakeFiles/cmTC_e1097.dir/build.make CMakeFiles/cmTC_e1097.dir/build
make[1] : on entre dans le répertoire « /home/qbayle/Test_ssh/spatch/libssh_examples/sample_ssh_server/build/CMakeFiles/CMakeTmp »
Building C object CMakeFiles/cmTC_e1097.dir/src.c.o
/usr/bin/cc    -std=gnu99 -pedantic -pedantic-errors -Wall -Wextra -Wshadow -Wmissing-prototypes -Wdeclaration-after-statement -Wunused -Wfloat-equal -Wpointer-arith -Wwrite-strings -Wformat-security -Wmissing-format-attribute -fPIC -fstack-protector -D_LARGEFILE64_SOURCE -DHAVE_COMPILER__FUNC__   -o CMakeFiles/cmTC_e1097.dir/src.c.o   -c /home/qbayle/Test_ssh/spatch/libssh_examples/sample_ssh_server/build/CMakeFiles/CMakeTmp/src.c
Linking C executable cmTC_e1097
/usr/bin/cmake -E cmake_link_script CMakeFiles/cmTC_e1097.dir/link.txt --verbose=1
/usr/bin/cc   -std=gnu99 -pedantic -pedantic-errors -Wall -Wextra -Wshadow -Wmissing-prototypes -Wdeclaration-after-statement -Wunused -Wfloat-equal -Wpointer-arith -Wwrite-strings -Wformat-security -Wmissing-format-attribute -fPIC -fstack-protector -D_LARGEFILE64_SOURCE -DHAVE_COMPILER__FUNC__    CMakeFiles/cmTC_e1097.dir/src.c.o  -o cmTC_e1097 -rdynamic -lrt 
make[1] : on quitte le répertoire « /home/qbayle/Test_ssh/spatch/libssh_examples/sample_ssh_server/build/CMakeFiles/CMakeTmp »

Source file was:

#include <stdio.h>
int main(void) {
    printf("%s", __func__);
    return 0;
}
Determining if the include file sys/types.h exists passed with the following output:
Change Dir: /home/qbayle/Test_ssh/spatch/libssh_examples/sample_ssh_server/build/CMakeFiles/CMakeTmp

Run Build Command:"/usr/bin/make" "cmTC_28be9/fast"
/usr/bin/make -f CMakeFiles/cmTC_28be9.dir/build.make CMakeFiles/cmTC_28be9.dir/build
make[1] : on entre dans le répertoire « /home/qbayle/Test_ssh/spatch/libssh_examples/sample_ssh_server/build/CMakeFiles/CMakeTmp »
Building C object CMakeFiles/cmTC_28be9.dir/CheckIncludeFile.c.o
/usr/bin/cc    -std=gnu99 -pedantic -pedantic-errors -Wall -Wextra -Wshadow -Wmissing-prototypes -Wdeclaration-after-statement -Wunused -Wfloat-equal -Wpointer-arith -Wwrite-strings -Wformat-security -Wmissing-format-attribute -fPIC -fstack-protector -D_LARGEFILE64_SOURCE    -o CMakeFiles/cmTC_28be9.dir/CheckIncludeFile.c.o   -c /home/qbayle/Test_ssh/spatch/libssh_examples/sample_ssh_server/build/CMakeFiles/CMakeTmp/CheckIncludeFile.c
Linking C executable cmTC_28be9
/usr/bin/cmake -E cmake_link_script CMakeFiles/cmTC_28be9.dir/link.txt --verbose=1
/usr/bin/cc   -std=gnu99 -pedantic -pedantic-errors -Wall -Wextra -Wshadow -Wmissing-prototypes -Wdeclaration-after-statement -Wunused -Wfloat-equal -Wpointer-arith -Wwrite-strings -Wformat-security -Wmissing-format-attribute -fPIC -fstack-protector -D_LARGEFILE64_SOURCE     CMakeFiles/cmTC_28be9.dir/CheckIncludeFile.c.o  -o cmTC_28be9 -rdynamic 
make[1] : on quitte le répertoire « /home/qbayle/Test_ssh/spatch/libssh_examples/sample_ssh_server/build/CMakeFiles/CMakeTmp »


Determining if the include file stdint.h exists passed with the following output:
Change Dir: /home/qbayle/Test_ssh/spatch/libssh_examples/sample_ssh_server/build/CMakeFiles/CMakeTmp

Run Build Command:"/usr/bin/make" "cmTC_1d3ef/fast"
/usr/bin/make -f CMakeFiles/cmTC_1d3ef.dir/build.make CMakeFiles/cmTC_1d3ef.dir/build
make[1] : on entre dans le répertoire « /home/qbayle/Test_ssh/spatch/libssh_examples/sample_ssh_server/build/CMakeFiles/CMakeTmp »
Building C object CMakeFiles/cmTC_1d3ef.dir/CheckIncludeFile.c.o
/usr/bin/cc    -std=gnu99 -pedantic -pedantic-errors -Wall -Wextra -Wshadow -Wmissing-prototypes -Wdeclaration-after-statement -Wunused -Wfloat-equal -Wpointer-arith -Wwrite-strings -Wformat-security -Wmissing-format-attribute -fPIC -fstack-protector -D_LARGEFILE64_SOURCE    -o CMakeFiles/cmTC_1d3ef.dir/CheckIncludeFile.c.o   -c /home/qbayle/Test_ssh/spatch/libssh_examples/sample_ssh_server/build/CMakeFiles/CMakeTmp/CheckIncludeFile.c
Linking C executable cmTC_1d3ef
/usr/bin/cmake -E cmake_link_script CMakeFiles/cmTC_1d3ef.dir/link.txt --verbose=1
/usr/bin/cc   -std=gnu99 -pedantic -pedantic-errors -Wall -Wextra -Wshadow -Wmissing-prototypes -Wdeclaration-after-statement -Wunused -Wfloat-equal -Wpointer-arith -Wwrite-strings -Wformat-security -Wmissing-format-attribute -fPIC -fstack-protector -D_LARGEFILE64_SOURCE     CMakeFiles/cmTC_1d3ef.dir/CheckIncludeFile.c.o  -o cmTC_1d3ef -rdynamic 
make[1] : on quitte le répertoire « /home/qbayle/Test_ssh/spatch/libssh_examples/sample_ssh_server/build/CMakeFiles/CMakeTmp »


Determining if the include file stddef.h exists passed with the following output:
Change Dir: /home/qbayle/Test_ssh/spatch/libssh_examples/sample_ssh_server/build/CMakeFiles/CMakeTmp

Run Build Command:"/usr/bin/make" "cmTC_58132/fast"
/usr/bin/make -f CMakeFiles/cmTC_58132.dir/build.make CMakeFiles/cmTC_58132.dir/build
make[1] : on entre dans le répertoire « /home/qbayle/Test_ssh/spatch/libssh_examples/sample_ssh_server/build/CMakeFiles/CMakeTmp »
Building C object CMakeFiles/cmTC_58132.dir/CheckIncludeFile.c.o
/usr/bin/cc    -std=gnu99 -pedantic -pedantic-errors -Wall -Wextra -Wshadow -Wmissing-prototypes -Wdeclaration-after-statement -Wunused -Wfloat-equal -Wpointer-arith -Wwrite-strings -Wformat-security -Wmissing-format-attribute -fPIC -fstack-protector -D_LARGEFILE64_SOURCE    -o CMakeFiles/cmTC_58132.dir/CheckIncludeFile.c.o   -c /home/qbayle/Test_ssh/spatch/libssh_examples/sample_ssh_server/build/CMakeFiles/CMakeTmp/CheckIncludeFile.c
Linking C executable cmTC_58132
/usr/bin/cmake -E cmake_link_script CMakeFiles/cmTC_58132.dir/link.txt --verbose=1
/usr/bin/cc   -std=gnu99 -pedantic -pedantic-errors -Wall -Wextra -Wshadow -Wmissing-prototypes -Wdeclaration-after-statement -Wunused -Wfloat-equal -Wpointer-arith -Wwrite-strings -Wformat-security -Wmissing-format-attribute -fPIC -fstack-protector -D_LARGEFILE64_SOURCE     CMakeFiles/cmTC_58132.dir/CheckIncludeFile.c.o  -o cmTC_58132 -rdynamic 
make[1] : on quitte le répertoire « /home/qbayle/Test_ssh/spatch/libssh_examples/sample_ssh_server/build/CMakeFiles/CMakeTmp »


Determining size of unsigned short passed with the following output:
Change Dir: /home/qbayle/Test_ssh/spatch/libssh_examples/sample_ssh_server/build/CMakeFiles/CMakeTmp

Run Build Command:"/usr/bin/make" "cmTC_7da05/fast"
/usr/bin/make -f CMakeFiles/cmTC_7da05.dir/build.make CMakeFiles/cmTC_7da05.dir/build
make[1] : on entre dans le répertoire « /home/qbayle/Test_ssh/spatch/libssh_examples/sample_ssh_server/build/CMakeFiles/CMakeTmp »
Building C object CMakeFiles/cmTC_7da05.dir/CMAKE_SIZEOF_UNSIGNED_SHORT.c.o
/usr/bin/cc    -std=gnu99 -pedantic -pedantic-errors -Wall -Wextra -Wshadow -Wmissing-prototypes -Wdeclaration-after-statement -Wunused -Wfloat-equal -Wpointer-arith -Wwrite-strings -Wformat-security -Wmissing-format-attribute -fPIC -fstack-protector -D_LARGEFILE64_SOURCE    -o CMakeFiles/cmTC_7da05.dir/CMAKE_SIZEOF_UNSIGNED_SHORT.c.o   -c /home/qbayle/Test_ssh/spatch/libssh_examples/sample_ssh_server/build/CMakeFiles/CheckTypeSize/CMAKE_SIZEOF_UNSIGNED_SHORT.c
Linking C executable cmTC_7da05
/usr/bin/cmake -E cmake_link_script CMakeFiles/cmTC_7da05.dir/link.txt --verbose=1
/usr/bin/cc   -std=gnu99 -pedantic -pedantic-errors -Wall -Wextra -Wshadow -Wmissing-prototypes -Wdeclaration-after-statement -Wunused -Wfloat-equal -Wpointer-arith -Wwrite-strings -Wformat-security -Wmissing-format-attribute -fPIC -fstack-protector -D_LARGEFILE64_SOURCE     CMakeFiles/cmTC_7da05.dir/CMAKE_SIZEOF_UNSIGNED_SHORT.c.o  -o cmTC_7da05 -rdynamic -lrt 
make[1] : on quitte le répertoire « /home/qbayle/Test_ssh/spatch/libssh_examples/sample_ssh_server/build/CMakeFiles/CMakeTmp »


